asithappens_20090529_16326.mp3
asithappens_20090529_16350.mp3
asithappens_20090616_17094.mp3
asithappens_20090617_17133.mp3
asithappens_20090618_17190.mp3
asithappens_20090619_17240.mp3
asithappens_20090619_17243.mp3
asithappens_20090622_17306.mp3
asithappens_20090623_17365.mp3
asithappens_20090624_17433.mp3
asithappens_20090625_17494.mp3
asithappens_20090626_17528.mp3
asithappens_20090626_17547.mp3
cmdln.net_2008-12-17.ogg
cmdln.net_2008-12-21.ogg
cmdln.net_2008-12-24.ogg
cmdln.net_2008-12-31.ogg
cmdln.net_2009-01-04.ogg
cmdln.net_2009-01-07.ogg
cmdln.net_2009-01-11.ogg
cmdln.net_2009-01-14.ogg
cmdln.net_2009-01-21.ogg
cmdln.net_2009-01-28.ogg
cmdln.net_2009-02-01.ogg
cmdln.net_2009-02-04.ogg
cmdln.net_2009-02-11.ogg
cmdln.net_2009-02-18.ogg
cmdln.net_2009-02-22.ogg
cmdln.net_2009-02-25.ogg
cmdln.net_2009-03-01.ogg
cmdln.net_2009-03-04.ogg
cmdln.net_2009-03-08.ogg
cmdln.net_2009-03-15.ogg
cmdln.net_2009-03-22.ogg
cmdln.net_2009-03-25.ogg
cmdln.net_2009-03-29.ogg
cmdln.net_2009-04-01.ogg
cmdln.net_2009-04-08.ogg
cmdln.net_2009-04-15.ogg
cmdln.net_2009-04-19.ogg
cmdln.net_2009-04-22.ogg
cmdln.net_2009-04-26.ogg
cmdln.net_2009-04-29.ogg
cmdln.net_2009-05-06.ogg
cmdln.net_2009-05-10.ogg
cmdln.net_2009-05-17.ogg
cmdln.net_2009-05-27.ogg
cmdln.net_2009-05-31.ogg
cmdln.net_2009-06-03.ogg
cmdln.net_2009-06-07.ogg
cmdln.net_2009-06-10.ogg
cmdln.net_2009-06-14.ogg
cmdln.net_2009-06-17.ogg
cmdln.net_2009-06-24.ogg
cmdln.net_2009-06-28.ogg
current_20080820_7059.mp3
current_20080926_7792.mp3
current_20081002_7941.mp3
current_20081007_8072.mp3
current_20081010_8181.mp3
current_20081015_8290.mp3
current_20081016_8326.mp3
current_20081029_8689.mp3
current_20081030_8724.mp3
current_20081105_8888.mp3
current_20081105_8928.mp3
current_20081106_8963.mp3
current_20081107_9002.mp3
current_20081110_9060.mp3
current_20081111_9093.mp3
current_20081112_9124.mp3
current_20081113_9157.mp3
current_20081114_9196.mp3
current_20081117_9262.mp3
current_20081118_9297.mp3
current_20081119_9335.mp3
current_20081120_9375.mp3
current_20081121_9415.mp3
current_20081124_9485.mp3
current_20081125_9526.mp3
current_20081126_9562.mp3
current_20081127_9595.mp3
current_20081128_9628.mp3
current_20081201_9695.mp3
current_20081202_9741.mp3
current_20081203_9785.mp3
current_20081205_9855.mp3
current_20081208_9924.mp3
current_20081209_9957.mp3
current_20081211_10020.mp3
current_20081212_10050.mp3
current_20081215_10113.mp3
current_20081216_10164.mp3
current_20081217_10197.mp3
current_20081218_10243.mp3
current_20081219_10278.mp3
current_20090105_10585.mp3
current_20090106_10617.mp3
current_20090107_10652.mp3
current_20090108_10697.mp3
current_20090109_10729.mp3
current_20090112_10783.mp3
current_20090114_10832.mp3
current_20090114_10886.mp3
current_20090115_10922.mp3
current_20090116_10974.mp3
current_20090119_11035.mp3
current_20090121_11115.mp3
current_20090122_11160.mp3
current_20090123_11207.mp3
current_20090126_11296.mp3
current_20090127_11346.mp3
current_20090128_11385.mp3
current_20090129_11452.mp3
current_20090202_11578.mp3
current_20090203_11625.mp3
current_20090204_11669.mp3
current_20090205_11699.mp3
current_20090206_11732.mp3
current_20090209_11808.mp3
current_20090210_11859.mp3
current_20090211_11930.mp3
current_20090217_12131.mp3
current_20090218_12196.mp3
current_20090219_12222.mp3
current_20090220_12261.mp3
current_20090223_12340.mp3
current_20090224_12369.mp3
current_20090225_12434.mp3
current_20090226_12485.mp3
current_20090227_12523.mp3
current_20090302_12594.mp3
current_20090303_12648.mp3
current_20090304_12698.mp3
current_20090305_12744.mp3
current_20090306_12793.mp3
current_20090312_12982.mp3
current_20090313_13028.mp3
current_20090313_13079.mp3
current_20090316_13150.mp3
current_20090317_13204.mp3
current_20090318_13267.mp3
current_20090319_13302.mp3
current_20090320_13361.mp3
current_20090323_13429.mp3
current_20090324_13494.mp3
current_20090325_13549.mp3
current_20090327_13586.mp3
current_20090330_13734.mp3
current_20090331_13778.mp3
current_20090401_13837.mp3
current_20090402_13878.mp3
current_20090403_13945.mp3
current_20090406_14013.mp3
current_20090407_14066.mp3
current_20090408_14124.mp3
current_20090409_14204.mp3
current_20090410_14227.mp3
current_20090413_14259.mp3
current_20090414_14302.mp3
current_20090415_14356.mp3
current_20090416_14404.mp3
current_20090418_14467.mp3
current_20090420_14525.mp3
current_20090421_14596.mp3
current_20090422_14655.mp3
current_20090423_14701.mp3
current_20090424_14753.mp3
current_20090427_14814.mp3
current_20090428_14887.mp3
current_20090429_14939.mp3
current_20090430_14986.mp3
current_20090501_15047.mp3
current_20090504_15140.mp3
current_20090506_15242.mp3
current_20090507_15319.mp3
current_20090508_15378.mp3
current_20090511_15473.mp3
current_20090512_15540.mp3
current_20090513_15612.mp3
current_20090514_15666.mp3
current_20090515_15740.mp3
current_20090518_15742.mp3
current_20090519_15817.mp3
current_20090520_15891.mp3
current_20090521_15943.mp3
current_20090522_16017.mp3
current_20090525_16090.mp3
current_20090526_16149.mp3
current_20090527_16213.mp3
current_20090528_16254.mp3
current_20090529_16320.mp3
current_20090601_16412.mp3
current_20090602_16478.mp3
current_20090603_16543.mp3
current_20090604_16589.mp3
current_20090608_16726.mp3
current_20090609_16788.mp3
current_20090610_16851.mp3
current_20090611_16887.mp3
current_20090612_16964.mp3
current_20090615_17036.mp3
current_20090616_17079.mp3
current_20090617_17124.mp3
current_20090618_17168.mp3
current_20090619_17223.mp3
current_20090622_17290.mp3
current_20090623_17339.mp3
current_20090624_17426.mp3
current_20090625_17467.mp3
current_20090626_17530.mp3
current_20100605_16638.mp3
ep6_we_create_worlds_pt2.mp3
Episode+10+-+The+Views+Doth+End+Thine+Drupal.ogg
Episode+11+-+Chad%2C+Pete%2C+Security%2C+and+a+Lick.ogg
Episode+12+-+Helix+the+Interview%2C+and+find+my+guitar.ogg
Episode+13+-+The+Security+Flugal.ogg
Episode+1+-+Introductions+and+Getting+Started+%28Hello+World%29.ogg
Episode+2+-+Google%2C+Lecturefox%2C+and+Squid%2C+Oh+my.ogg
Episode+3+-+my+linux+is+not+a+turkey.ogg
Episode+4+-+Education+and+a+timer.ogg
Episode+5+-+Heck+yes+we+like+stickers.ogg
Episode+6+-+Santa+Ate+My+Drupal+Backups.ogg
Episode+7+-+New+Linux+Year%2C+Same+Linux+Beer.ogg
Episode+8+-+Peter+Piper+PHP%27d+His+Pickle.ogg
Episode+9+-+I+Want+My+EEE+PC.ogg
gift_of_magi_updated.mp3
glp001.ogg
glp002.ogg
glp003.ogg
glp004.ogg
glp005.ogg
glp006.ogg
glp007.ogg
glp008.ogg
glp009.ogg
glp010.ogg
glp011.ogg
glp012.ogg
glp013.ogg
glp014.ogg
glp015.ogg
glp016.ogg
glp017.ogg
glp018.ogg
glp019.ogg
glp020.ogg
glp021.ogg
glp023.ogg
glp024.ogg
glp025.ogg
glp026.ogg
glp027.ogg
glp028.ogg
glp029.ogg
glp030.ogg
glp031.ogg
glp032.ogg
glp033.ogg
glp034.ogg
glp035.ogg
glp036.ogg
glp037.ogg
glp038.ogg
glp039.ogg
glp040.ogg
glp041.ogg
glp042.ogg
glp043.ogg
glp044.ogg
glp045.ogg
glp046.ogg
glp047.ogg
glp048.ogg
glp049.ogg
glp050.ogg
glp051.ogg
glp052.ogg
glp053.ogg
glp054.ogg
glp055.ogg
glp056.ogg
glp057.ogg
glp058.ogg
glp059.ogg
glp060.ogg
glp061.ogg
glp062.ogg
glp063.ogg
glp064.ogg
glp065.ogg
glp066.ogg
glp067.ogg
glp068.ogg
glp069.ogg
glp070.ogg
glp22.ogg
glp-ca-080415.ogg
LB+-+Episdoe+21+-+Hardy+Server+Podcasting+Geek.ogg
LB+-+Episode+14+-+Etherape+and+Big+Dave.ogg
LB+-+Episode+15+-+Back+For+Blood.ogg
LB+-+Episode+16+-+Your+Metasploit+Is+GUI.ogg
LB+-+Episode+17+-+I+Snort.ogg
LB+-+Episode+18+-+Experi-Mental+Linux.ogg
LB+-+Episode+19+-+Save+the+Earth+by+Planting+a+Rootkit.ogg
LB-Episode+20+-+Sorta+Live+Season+Finale.ogg
LB+-+Episode+22+-+On+the+AWN+Precipice+of+Drupal.ogg
LB+-+Episode+23+-+Amazon+a+Mint+Moodle.ogg
LB+-+Episode+24+-+Django+its+Whats+for+Dinner.ogg
LB+-+Episode+25+-+Dann+the+PHP+Ninja.ogg
LB+-+Episode+26+-+Jordon+Interview.ogg
LB+-+Episode+27+-+I+Show+You+My+Asterisk.ogg
LB+-+Episode+28+-+I+Said+Repository.ogg
LB+-+Episode+29+-+Web+Server+Talk.ogg
LB+-+Episode+30+-+Season+Finale+and+OLF+Recap.ogg
LB+-+Episode+31+-+One+Year+Old+and+MRTG.ogg
LB+-+Episode+32+-+Python+Extravaganza.ogg
LB+-+Episode+33+-+Zenoss.ogg
LB+-+Episode+34+-+Interview+With+Robert.ogg
LB+-+Episode+35+-+Mythbuntu+and+Hybrid+Networks.ogg
LB+-+Episode+36+-+2nd+try+-+Interview+With+Brandon.ogg
LB+-+Episode+37+-+Reviews+and+Financials.ogg
LB+-+Episode+38+-+Ramblings+and+OpenVZ.ogg
LB+-+Episode+39+-+Chad+in+a+FOG.ogg
MackMurphyS01e01.mp3
MackMurphyS01e02.mp3
MackMurphyS01e03.mp3
MackMurphyS01e04.mp3
MackMurphyS01e05.mp3
MackMurphyS01e06.mp3
MackMurphyS01e07.mp3
MackMurphyS01e08.mp3
MackPromo1.mp3
predestination_promo.mp3
punkyradio-101024-02-26-2008.mp3
punkyradio-102409-03-04-2008.mp3
punkyradio-103223-03-10-2008.mp3
punkyradio-104996-03-22-2008.mp3
punkyradio-106155-04-01-2008.mp3
punkyradio-107115-04-08-2008.mp3
punkyradio-108144-04-16-2008.mp3
punkyradio-109438-04-22-2008.mp3
punkyradio-110299-04-29-2008.mp3
punkyradio-111334-05-06-2008.mp3
punkyradio-112037-05-12-2008.mp3
punkyradio-112677-05-17-2008.mp3
punkyradio-113765-05-27-2008.mp3
punkyradio-114388-06-03-2008.mp3
punkyradio-115183-06-10-2008.mp3
punkyradio-115836-06-16-2008.mp3
punkyradio-116505-06-23-2008.mp3
punkyradio-117304-07-02-2008.mp3
punkyradio-118009-07-08-2008.mp3
punkyradio-118826-07-15-2008.mp3
punkyradio-119557-07-22-2008.mp3
punkyradio-120420-07-30-2008.mp3
punkyradio-120853-08-04-2008.mp3
punkyradio-122055-08-12-2008.mp3
punkyradio-122662-08-18-2008.mp3
punkyradio-123898-08-26-2008.mp3
punkyradio-124485-09-01-2008.mp3
punkyradio-125310-09-09-2008.mp3
punkyradio-125965-09-16-2008.mp3
punkyradio-126604-09-23-2008.mp3
punkyradio-127207-09-30-2008.mp3
punkyradio-127892-10-07-2008.mp3
punkyradio-128871-10-14-2008.mp3
punkyradio-129398-10-19-2008.mp3
punkyradio-130642-10-27-2008.mp3
punkyradio-131547-11-04-2008.mp3
punkyradio-132338-11-11-2008.mp3
punkyradio-133355-11-18-2008.mp3
punkyradio-134003-11-24-2008.mp3
punkyradio-134971-12-02-2008.mp3
punkyradio-135659-12-08-2008.mp3
punkyradio-136649-12-16-2008.mp3
punkyradio-137277-12-22-2008.mp3
punkyradio-137960-12-30-2008.mp3
punkyradio-138594-01-06-2009.mp3
punkyradio-139272-01-12-2009.mp3
punkyradio-140289-01-20-2009.mp3
punkyradio-141345-01-27-2009.mp3
punkyradio-142229-02-03-2009.mp3
punkyradio-143081-02-10-2009.mp3
punkyradio-143819-02-17-2009.mp3
punkyradio-144777-02-24-2009.mp3
punkyradio-145647-03-03-2009.mp3
punkyradio-146257-03-09-2009.mp3
punkyradio-147299-03-16-2009.mp3
punkyradio-148609-03-24-2009.mp3
punkyradio-149459-03-31-2009.mp3
punkyradio-150130-04-06-2009.mp3
punkyradio-151023-04-14-2009.mp3
punkyradio-151785-04-21-2009.mp3
punkyradio-152532-04-28-2009.mp3
punkyradio-153143-05-05-2009.mp3
punkyradio-154400-05-12-2009.mp3
punkyradio-155505-05-21-2009.mp3
punkyradio-156678-05-27-2009.mp3
punkyradio-157803-06-02-2009.mp3
punkyradio-158597-06-07-2009.mp3
punkyradio-158598-06-07-2009.mp3
punkyradio-70048-07-09-2007.mp3
punkyradio-71112-07-16-2007.mp3
punkyradio-72018-07-24-2007.mp3
punkyradio-72847-07-30-2007.mp3
punkyradio-73775-08-06-2007.mp3
punkyradio-74679-08-13-2007.mp3
punkyradio-76018-08-20-2007.mp3
punkyradio-77106-08-27-2007.mp3
punkyradio-77985-09-03-2007.mp3
punkyradio-78931-09-11-2007.mp3
punkyradio-79728-09-17-2007.mp3
punkyradio-80749-09-24-2007.mp3
punkyradio-81698-10-02-2007.mp3
punkyradio-82487-10-09-2007.mp3
punkyradio-83370-10-15-2007.mp3
punkyradio-84395-10-23-2007.mp3
punkyradio-85231-10-29-2007.mp3
punkyradio-86367-11-07-2007.mp3
punkyradio-86947-11-12-2007.mp3
punkyradio-87911-11-20-2007.mp3
punkyradio-88664-11-26-2007.mp3
punkyradio-89634-12-04-2007.mp3
punkyradio-90252-12-10-2007.mp3
punkyradio-91310-12-17-2007.mp3
punkyradio-92251-12-23-2007.mp3
punkyradio-93237-01-02-2008.mp3
punkyradio-93982-01-08-2008.mp3
punkyradio-95667-01-21-2008.mp3
punkyradio-96836-01-29-2008.mp3
punkyradio-97964-02-05-2008.mp3
punkyradio-98965-02-12-2008.mp3
punkyradio-99843-02-18-2008.mp3
RadioRevolver-014_The_Cover_Up.mp3
RadioRevolver-015-TheThingThatCriesInTheNight-PT01.mp3
RadioRevolver-016-TheThingThatCriesInTheNight-PT02.mp3
RadioRevolver-017-TheThingThatCriesInTheNight-PT03.mp3
RadioRevolver-018-TheThingThatCriesInTheNight-PT04.mp3
RadioRevolver-019-TheThingThatCriesInTheNight-PT05.mp3
RadioRevolver-020-TheThingThatCriesInTheNight-PT06.mp3
RadioRevolverEP021-TheDayTheEarthStoodStill.mp3
RadioRevolverEP022-BlueBeetle-TheDrugRing.mp3
RadioRevolverEP023-SavedByaHair.mp3
RadioRevolverEP024.mp3
RadioRevolverEP025.mp3
RadioRevolverEP026.mp3
RadioRevolverEP027.mp3
RadioRevolverEP028.mp3
RadioRevolverEP029.mp3
RadioRevolverEP030.mp3
RadioRevolverEP031.mp3
RadioRevolverEP032.mp3
RadioRevolverEP33.mp3
sg_ep1_angels_unawares.mp3
sg_ep2_coffee_service.mp3
sg_ep3_traintime.mp3
sg_ep4_control_room.mp3
sg_ep5_we_create_worlds.mp3
sg_ep7_lilith.mp3
sg_ep8_the_man_in_the_rain.mp3
sg_intelude.mp3
sg_promo1.mp3
SouthPhillyPaulcast67-ListenToMe.mp3
SouthPhillyPaulcast68-FiveQuickTips.mp3
The Bad Apples Linux Cast/:
badAppleLinux_3x13.ogg
badAppleLinux_3x14.ogg
badAppleLinux_3x15.ogg
badAppleLinux_3x16.ogg
badAppleLinux_3x17.ogg
badAppleLinux_3x18.ogg
badAppleLinux_3x19.ogg
badAppleLinux_3x20.ogg
badAppleLinux_4x00.ogg
badAppleLinux_4x01.ogg
badAppleLinux_4x02.ogg
badAppleLinux_4x03.ogg
badAppleLinux_4x04.ogg

The Linux Action Show/:
Archive
In Depth Look
LinuxActionShowEP094.ogg
The Big Story

The Mediocre Show/:

The Philosophy Podcast/:
Giants of Philosophy - Aristotle.mp3
Poetics.mp3
Principle Doctrines of Epicurus.mp3
Selections from the Philosophical Di.mp3
That to Study Philosophy is to Learn.mp3
The Communist Manifesto.mp3
The Emptiness of Existence.mp3
The Existence of God.mp3
The Nicomachean Ethics (Excerpt).mp3
The Symposium.mp3
The Value of Philosophy.mp3
Tractatus Logico-Philosophicus.mp3

The Tragically Nameless Podcast/:
#170_ Porn is sad..mp3
#171_ Living In The Past.mp3
#172_ Mega Man.mp3
#173_ Holy Christmas!.mp3
#174_ I Gotta Believe.mp3
#175_ Obamarama.mp3
#176_ I Hate It But I Love It.mp3
#177_ SADNESS WILL PREVAIL.mp3
#178_ 37 Counts Of Rape.mp3
#179_ Steps.mp3
#180_ Heaven Isn't Real.mp3
#181_ oh..mp3
#182_ What a stupid bitch!.mp3
#183_ I've got to be stopped!.mp3
#184_ Sexual Harassment.mp3
#185_ Yes!.mp3
#186_ The Sun Up And Down.mp3
#187_ as long as seemed appropriate.mp3
#188_ some good songs.mp3
#189_ Party Time.mp3
#5_ The Jade Tree Show.mp3
